# JRE version: OpenJDK Runtime Environment Temurin-21.0.10+7 (21.0.10+7) (build 21.0.10+7-LTS)
# Java VM: OpenJDK 64-Bit Server VM Temurin-21.0.10+7 (21.0.10+7-LTS, mixed mode, sharing, tiered, compressed oops, compressed class ptrs, parallel gc, windows-amd64)
GC Precious Log:
 CardTable entry size: 512
 CPUs: 8 total, 8 available
 Memory: 16167M
 Large Page Support: Disabled
 NUMA Support: Disabled
 Compressed Oops: Enabled (32-bit)
 Alignments: Space 512K, Generation 512K, Heap 2M
 Heap Min Capacity: 100M
 Heap Initial Capacity: 100M
 Heap Max Capacity: 2G
 Pre-touch: Disabled
 Parallel Workers: 8
Heap:
 PSYoungGen      total 6144K, used 2453K [0x00000000d5580000, 0x00000000d5c80000, 0x0000000100000000)
  eden space 5632K, 36% used [0x00000000d5580000,0x00000000d5785578,0x00000000d5b00000)
  from space 512K, 75% used [0x00000000d5c00000,0x00000000d5c60000,0x00000000d5c80000)
  to   space 512K, 0% used [0x00000000d5b80000,0x00000000d5b80000,0x00000000d5c00000)
 ParOldGen       total 183808K, used 170109K [0x0000000080000000, 0x000000008b380000, 0x00000000d5580000)
  object space 183808K, 92% used [0x0000000080000000,0x000000008a61f5e0,0x000000008b380000)
 Metaspace       used 77402K, committed 79104K, reserved 1179648K
  class space    used 7888K, committed 8704K, reserved 1048576K
GC Heap History (20 events):
Event: 67.007 GC heap before
{Heap before GC invocations=379 (full 4):
 PSYoungGen      total 6144K, used 5922K [0x00000000d5580000, 0x00000000d5c80000, 0x0000000100000000)
  eden space 5632K, 99% used [0x00000000d5580000,0x00000000d5af8b30,0x00000000d5b00000)
  from space 512K, 62% used [0x00000000d5c00000,0x00000000d5c50000,0x00000000d5c80000)
  to   space 512K, 0% used [0x00000000d5b80000,0x00000000d5b80000,0x00000000d5c00000)
 ParOldGen       total 183808K, used 168647K [0x0000000080000000, 0x000000008b380000, 0x00000000d5580000)
  object space 183808K, 91% used [0x0000000080000000,0x000000008a4b1d18,0x000000008b380000)
 Metaspace       used 76527K, committed 78272K, reserved 1179648K
  class space    used 7806K, committed 8576K, reserved 1048576K
}
Event: 67.009 GC heap after
{Heap after GC invocations=379 (full 4):
 PSYoungGen      total 6144K, used 256K [0x00000000d5580000, 0x00000000d5c80000, 0x0000000100000000)
  eden space 5632K, 0% used [0x00000000d5580000,0x00000000d5580000,0x00000000d5b00000)
  from space 512K, 50% used [0x00000000d5b80000,0x00000000d5bc0000,0x00000000d5c00000)
  to   space 512K, 0% used [0x00000000d5c00000,0x00000000d5c00000,0x00000000d5c80000)
 ParOldGen       total 183808K, used 168671K [0x0000000080000000, 0x000000008b380000, 0x00000000d5580000)
  object space 183808K, 91% used [0x0000000080000000,0x000000008a4b7d18,0x000000008b380000)
 Metaspace       used 76527K, committed 78272K, reserved 1179648K
  class space    used 7806K, committed 8576K, reserved 1048576K
}
Event: 67.107 GC heap before
{Heap before GC invocations=380 (full 4):
 PSYoungGen      total 6144K, used 5710K [0x00000000d5580000, 0x00000000d5c80000, 0x0000000100000000)
  eden space 5632K, 96% used [0x00000000d5580000,0x00000000d5ad3b20,0x00000000d5b00000)
  from space 512K, 50% used [0x00000000d5b80000,0x00000000d5bc0000,0x00000000d5c00000)
  to   space 512K, 0% used [0x00000000d5c00000,0x00000000d5c00000,0x00000000d5c80000)
 ParOldGen       total 183808K, used 168671K [0x0000000080000000, 0x000000008b380000, 0x00000000d5580000)
  object space 183808K, 91% used [0x0000000080000000,0x000000008a4b7d18,0x000000008b380000)
 Metaspace       used 76534K, committed 78272K, reserved 1179648K
  class space    used 7806K, committed 8576K, reserved 1048576K
}
Event: 67.108 GC heap after
{Heap after GC invocations=380 (full 4):
 PSYoungGen      total 6144K, used 160K [0x00000000d5580000, 0x00000000d5c80000, 0x0000000100000000)
  eden space 5632K, 0% used [0x00000000d5580000,0x00000000d5580000,0x00000000d5b00000)
  from space 512K, 31% used [0x00000000d5c00000,0x00000000d5c28000,0x00000000d5c80000)
  to   space 512K, 0% used [0x00000000d5b80000,0x00000000d5b80000,0x00000000d5c00000)
 ParOldGen       total 183808K, used 168727K [0x0000000080000000, 0x000000008b380000, 0x00000000d5580000)
  object space 183808K, 91% used [0x0000000080000000,0x000000008a4c5d18,0x000000008b380000)
 Metaspace       used 76534K, committed 78272K, reserved 1179648K
  class space    used 7806K, committed 8576K, reserved 1048576K
}
Event: 68.847 GC heap before
{Heap before GC invocations=381 (full 4):
 PSYoungGen      total 6144K, used 5792K [0x00000000d5580000, 0x00000000d5c80000, 0x0000000100000000)
  eden space 5632K, 100% used [0x00000000d5580000,0x00000000d5b00000,0x00000000d5b00000)
  from space 512K, 31% used [0x00000000d5c00000,0x00000000d5c28000,0x00000000d5c80000)
  to   space 512K, 0% used [0x00000000d5b80000,0x00000000d5b80000,0x00000000d5c00000)
 ParOldGen       total 183808K, used 168727K [0x0000000080000000, 0x000000008b380000, 0x00000000d5580000)
  object space 183808K, 91% used [0x0000000080000000,0x000000008a4c5d18,0x000000008b380000)
 Metaspace       used 76578K, committed 78336K, reserved 1179648K
  class space    used 7810K, committed 8576K, reserved 1048576K
}
Event: 68.850 GC heap after
{Heap after GC invocations=381 (full 4):
 PSYoungGen      total 6144K, used 224K [0x00000000d5580000, 0x00000000d5c80000, 0x0000000100000000)
  eden space 5632K, 0% used [0x00000000d5580000,0x00000000d5580000,0x00000000d5b00000)
  from space 512K, 43% used [0x00000000d5b80000,0x00000000d5bb8000,0x00000000d5c00000)
  to   space 512K, 0% used [0x00000000d5c00000,0x00000000d5c00000,0x00000000d5c80000)
 ParOldGen       total 183808K, used 168775K [0x0000000080000000, 0x000000008b380000, 0x00000000d5580000)
  object space 183808K, 91% used [0x0000000080000000,0x000000008a4d1d18,0x000000008b380000)
 Metaspace       used 76578K, committed 78336K, reserved 1179648K
  class space    used 7810K, committed 8576K, reserved 1048576K
}
Event: 69.468 GC heap before
{Heap before GC invocations=382 (full 4):
 PSYoungGen      total 6144K, used 5855K [0x00000000d5580000, 0x00000000d5c80000, 0x0000000100000000)
  eden space 5632K, 99% used [0x00000000d5580000,0x00000000d5affff0,0x00000000d5b00000)
  from space 512K, 43% used [0x00000000d5b80000,0x00000000d5bb8000,0x00000000d5c00000)
  to   space 512K, 0% used [0x00000000d5c00000,0x00000000d5c00000,0x00000000d5c80000)
 ParOldGen       total 183808K, used 168775K [0x0000000080000000, 0x000000008b380000, 0x00000000d5580000)
  object space 183808K, 91% used [0x0000000080000000,0x000000008a4d1d18,0x000000008b380000)
 Metaspace       used 76650K, committed 78336K, reserved 1179648K
  class space    used 7814K, committed 8576K, reserved 1048576K
}
Event: 69.470 GC heap after
{Heap after GC invocations=382 (full 4):
 PSYoungGen      total 6144K, used 454K [0x00000000d5580000, 0x00000000d5c80000, 0x0000000100000000)
  eden space 5632K, 0% used [0x00000000d5580000,0x00000000d5580000,0x00000000d5b00000)
  from space 512K, 88% used [0x00000000d5c00000,0x00000000d5c71bb8,0x00000000d5c80000)
  to   space 512K, 0% used [0x00000000d5b80000,0x00000000d5b80000,0x00000000d5c00000)
 ParOldGen       total 183808K, used 168879K [0x0000000080000000, 0x000000008b380000, 0x00000000d5580000)
  object space 183808K, 91% used [0x0000000080000000,0x000000008a4ebd18,0x000000008b380000)
 Metaspace       used 76650K, committed 78336K, reserved 1179648K
  class space    used 7814K, committed 8576K, reserved 1048576K
}
Event: 70.197 GC heap before
{Heap before GC invocations=383 (full 4):
 PSYoungGen      total 6144K, used 6086K [0x00000000d5580000, 0x00000000d5c80000, 0x0000000100000000)
  eden space 5632K, 100% used [0x00000000d5580000,0x00000000d5b00000,0x00000000d5b00000)
  from space 512K, 88% used [0x00000000d5c00000,0x00000000d5c71bb8,0x00000000d5c80000)
  to   space 512K, 0% used [0x00000000d5b80000,0x00000000d5b80000,0x00000000d5c00000)
 ParOldGen       total 183808K, used 168879K [0x0000000080000000, 0x000000008b380000, 0x00000000d5580000)
  object space 183808K, 91% used [0x0000000080000000,0x000000008a4ebd18,0x000000008b380000)
 Metaspace       used 76889K, committed 78656K, reserved 1179648K
  class space    used 7849K, committed 8640K, reserved 1048576K
}
Event: 70.199 GC heap after
{Heap after GC invocations=383 (full 4):
 PSYoungGen      total 6144K, used 498K [0x00000000d5580000, 0x00000000d5d00000, 0x0000000100000000)
  eden space 5632K, 0% used [0x00000000d5580000,0x00000000d5580000,0x00000000d5b00000)
  from space 512K, 97% used [0x00000000d5b80000,0x00000000d5bfc980,0x00000000d5c00000)
  to   space 1024K, 0% used [0x00000000d5c00000,0x00000000d5c00000,0x00000000d5d00000)
 ParOldGen       total 183808K, used 169058K [0x0000000080000000, 0x000000008b380000, 0x00000000d5580000)
  object space 183808K, 91% used [0x0000000080000000,0x000000008a518b70,0x000000008b380000)
 Metaspace       used 76889K, committed 78656K, reserved 1179648K
  class space    used 7849K, committed 8640K, reserved 1048576K
}
Event: 70.809 GC heap before
{Heap before GC invocations=384 (full 4):
 PSYoungGen      total 6144K, used 6130K [0x00000000d5580000, 0x00000000d5d00000, 0x0000000100000000)
  eden space 5632K, 100% used [0x00000000d5580000,0x00000000d5b00000,0x00000000d5b00000)
  from space 512K, 97% used [0x00000000d5b80000,0x00000000d5bfc980,0x00000000d5c00000)
  to   space 1024K, 0% used [0x00000000d5c00000,0x00000000d5c00000,0x00000000d5d00000)
 ParOldGen       total 183808K, used 169058K [0x0000000080000000, 0x000000008b380000, 0x00000000d5580000)
  object space 183808K, 91% used [0x0000000080000000,0x000000008a518b70,0x000000008b380000)
 Metaspace       used 76923K, committed 78656K, reserved 1179648K
  class space    used 7850K, committed 8640K, reserved 1048576K
}
Event: 70.811 GC heap after
{Heap after GC invocations=384 (full 4):
 PSYoungGen      total 6656K, used 616K [0x00000000d5580000, 0x00000000d5d00000, 0x0000000100000000)
  eden space 5632K, 0% used [0x00000000d5580000,0x00000000d5580000,0x00000000d5b00000)
  from space 1024K, 60% used [0x00000000d5c00000,0x00000000d5c9a0a0,0x00000000d5d00000)
  to   space 1024K, 0% used [0x00000000d5b00000,0x00000000d5b00000,0x00000000d5c00000)
 ParOldGen       total 183808K, used 169311K [0x0000000080000000, 0x000000008b380000, 0x00000000d5580000)
  object space 183808K, 92% used [0x0000000080000000,0x000000008a557d40,0x000000008b380000)
 Metaspace       used 76923K, committed 78656K, reserved 1179648K
  class space    used 7850K, committed 8640K, reserved 1048576K
}
Event: 78.046 GC heap before
{Heap before GC invocations=385 (full 4):
 PSYoungGen      total 6656K, used 6248K [0x00000000d5580000, 0x00000000d5d00000, 0x0000000100000000)
  eden space 5632K, 100% used [0x00000000d5580000,0x00000000d5b00000,0x00000000d5b00000)
  from space 1024K, 60% used [0x00000000d5c00000,0x00000000d5c9a0a0,0x00000000d5d00000)
  to   space 1024K, 0% used [0x00000000d5b00000,0x00000000d5b00000,0x00000000d5c00000)
 ParOldGen       total 183808K, used 169311K [0x0000000080000000, 0x000000008b380000, 0x00000000d5580000)
  object space 183808K, 92% used [0x0000000080000000,0x000000008a557d40,0x000000008b380000)
 Metaspace       used 76967K, committed 78656K, reserved 1179648K
  class space    used 7855K, committed 8640K, reserved 1048576K
}
Event: 78.048 GC heap after
{Heap after GC invocations=385 (full 4):
 PSYoungGen      total 6656K, used 306K [0x00000000d5580000, 0x00000000d5c80000, 0x0000000100000000)
  eden space 5632K, 0% used [0x00000000d5580000,0x00000000d5580000,0x00000000d5b00000)
  from space 1024K, 29% used [0x00000000d5b00000,0x00000000d5b4ca88,0x00000000d5c00000)
  to   space 512K, 0% used [0x00000000d5c00000,0x00000000d5c00000,0x00000000d5c80000)
 ParOldGen       total 183808K, used 169700K [0x0000000080000000, 0x000000008b380000, 0x00000000d5580000)
  object space 183808K, 92% used [0x0000000080000000,0x000000008a5b93c8,0x000000008b380000)
 Metaspace       used 76967K, committed 78656K, reserved 1179648K
  class space    used 7855K, committed 8640K, reserved 1048576K
}
Event: 96.192 GC heap before
{Heap before GC invocations=386 (full 4):
 PSYoungGen      total 6656K, used 5938K [0x00000000d5580000, 0x00000000d5c80000, 0x0000000100000000)
  eden space 5632K, 99% used [0x00000000d5580000,0x00000000d5afffc0,0x00000000d5b00000)
  from space 1024K, 29% used [0x00000000d5b00000,0x00000000d5b4ca88,0x00000000d5c00000)
  to   space 512K, 0% used [0x00000000d5c00000,0x00000000d5c00000,0x00000000d5c80000)
 ParOldGen       total 183808K, used 169700K [0x0000000080000000, 0x000000008b380000, 0x00000000d5580000)
  object space 183808K, 92% used [0x0000000080000000,0x000000008a5b93c8,0x000000008b380000)
 Metaspace       used 76985K, committed 78720K, reserved 1179648K
  class space    used 7858K, committed 8640K, reserved 1048576K
}
Event: 96.194 GC heap after
{Heap after GC invocations=386 (full 4):
 PSYoungGen      total 6144K, used 160K [0x00000000d5580000, 0x00000000d5c80000, 0x0000000100000000)
  eden space 5632K, 0% used [0x00000000d5580000,0x00000000d5580000,0x00000000d5b00000)
  from space 512K, 31% used [0x00000000d5c00000,0x00000000d5c28000,0x00000000d5c80000)
  to   space 512K, 0% used [0x00000000d5b80000,0x00000000d5b80000,0x00000000d5c00000)
 ParOldGen       total 183808K, used 169879K [0x0000000080000000, 0x000000008b380000, 0x00000000d5580000)
  object space 183808K, 92% used [0x0000000080000000,0x000000008a5e5e18,0x000000008b380000)
 Metaspace       used 76985K, committed 78720K, reserved 1179648K
  class space    used 7858K, committed 8640K, reserved 1048576K
}
Event: 342.842 GC heap before
{Heap before GC invocations=387 (full 4):
 PSYoungGen      total 6144K, used 5791K [0x00000000d5580000, 0x00000000d5c80000, 0x0000000100000000)
  eden space 5632K, 99% used [0x00000000d5580000,0x00000000d5afffd8,0x00000000d5b00000)
  from space 512K, 31% used [0x00000000d5c00000,0x00000000d5c28000,0x00000000d5c80000)
  to   space 512K, 0% used [0x00000000d5b80000,0x00000000d5b80000,0x00000000d5c00000)
 ParOldGen       total 183808K, used 169879K [0x0000000080000000, 0x000000008b380000, 0x00000000d5580000)
  object space 183808K, 92% used [0x0000000080000000,0x000000008a5e5e18,0x000000008b380000)
 Metaspace       used 77242K, committed 78976K, reserved 1179648K
  class space    used 7882K, committed 8704K, reserved 1048576K
}
Event: 342.843 GC heap after
{Heap after GC invocations=387 (full 4):
 PSYoungGen      total 6144K, used 300K [0x00000000d5580000, 0x00000000d5c80000, 0x0000000100000000)
  eden space 5632K, 0% used [0x00000000d5580000,0x00000000d5580000,0x00000000d5b00000)
  from space 512K, 58% used [0x00000000d5b80000,0x00000000d5bcb020,0x00000000d5c00000)
  to   space 512K, 0% used [0x00000000d5c00000,0x00000000d5c00000,0x00000000d5c80000)
 ParOldGen       total 183808K, used 169951K [0x0000000080000000, 0x000000008b380000, 0x00000000d5580000)
  object space 183808K, 92% used [0x0000000080000000,0x000000008a5f7e18,0x000000008b380000)
 Metaspace       used 77242K, committed 78976K, reserved 1179648K
  class space    used 7882K, committed 8704K, reserved 1048576K
}
Event: 163219.572 GC heap before
{Heap before GC invocations=388 (full 4):
 PSYoungGen      total 6144K, used 5932K [0x00000000d5580000, 0x00000000d5c80000, 0x0000000100000000)
  eden space 5632K, 99% used [0x00000000d5580000,0x00000000d5affff0,0x00000000d5b00000)
  from space 512K, 58% used [0x00000000d5b80000,0x00000000d5bcb020,0x00000000d5c00000)
  to   space 512K, 0% used [0x00000000d5c00000,0x00000000d5c00000,0x00000000d5c80000)
 ParOldGen       total 183808K, used 169951K [0x0000000080000000, 0x000000008b380000, 0x00000000d5580000)
  object space 183808K, 92% used [0x0000000080000000,0x000000008a5f7e18,0x000000008b380000)
 Metaspace       used 77391K, committed 79104K, reserved 1179648K
  class space    used 7888K, committed 8704K, reserved 1048576K
}
Event: 163219.683 GC heap after
{Heap after GC invocations=388 (full 4):
 PSYoungGen      total 6144K, used 384K [0x00000000d5580000, 0x00000000d5c80000, 0x0000000100000000)
  eden space 5632K, 0% used [0x00000000d5580000,0x00000000d5580000,0x00000000d5b00000)
  from space 512K, 75% used [0x00000000d5c00000,0x00000000d5c60000,0x00000000d5c80000)
  to   space 512K, 0% used [0x00000000d5b80000,0x00000000d5b80000,0x00000000d5c00000)
 ParOldGen       total 183808K, used 170109K [0x0000000080000000, 0x000000008b380000, 0x00000000d5580000)
  object space 183808K, 92% used [0x0000000080000000,0x000000008a61f5e0,0x000000008b380000)
 Metaspace       used 77391K, committed 79104K, reserved 1179648K
  class space    used 7888K, committed 8704K, reserved 1048576K
}

